<?xml version="1.0" encoding="UTF-8"?>
<!-- Generated by org.testng.reporters.JUnitXMLReporter -->
<testsuite hostname="DESKTOP-VTBT3RG" ignored="0" name="Default test" tests="3" failures="0" timestamp="2023-02-11T12:42:59 IST" time="0.038" errors="0">
  <testcase name="Testcase1" time="0.005" classname="TestNGConcepts.Fristclass"/>
  <testcase name="Testcase2" time="0.001" classname="TestNGConcepts.Fristclass"/>
  <testcase name="Testcase3" time="0.001" classname="TestNGConcepts.Fristclass"/>
</testsuite> <!-- Default test -->
