<?xml version="1.0" encoding="UTF-8"?>
<!-- Generated by org.testng.reporters.JUnitXMLReporter -->
<testsuite hostname="DESKTOP-VTBT3RG" ignored="0" name="Test" tests="4" failures="0" timestamp="2023-02-18T12:25:28 IST" time="26.036" errors="0">
  <testcase name="FacebookLoginwithValidData" time="6.66" classname="Testcase.Facebooklogin"/>
  <testcase name="FacebookLoginwithValidData" time="6.456" classname="Testcase.Facebooklogin"/>
  <testcase name="FacebookLoginwithValidData" time="6.396" classname="Testcase.Facebooklogin"/>
  <testcase name="FacebookLoginwithValidData" time="5.619" classname="Testcase.Facebooklogin"/>
</testsuite> <!-- Test -->
