<?xml version="1.0" encoding="UTF-8"?>
<!-- Generated by org.testng.reporters.JUnitXMLReporter -->
<testsuite hostname="DESKTOP-VTBT3RG" ignored="3" name="Test" tests="2" failures="0" timestamp="2023-02-11T12:58:05 IST" time="0.048" errors="0">
  <testcase name="Testcase2" time="0.007" classname="TestNGConcepts.Fristclass"/>
  <testcase name="Testcase3" time="0.004" classname="TestNGConcepts.Fristclass"/>
  <testcase name="Testcase5" time="0.0" classname="TestNGConcepts.SecondClass">
    <ignored/>
  </testcase> <!-- Testcase5 -->
  <testcase name="Testcase4" time="0.0" classname="TestNGConcepts.SecondClass">
    <ignored/>
  </testcase> <!-- Testcase4 -->
  <testcase name="Testcase1" time="0.0" classname="TestNGConcepts.Fristclass">
    <ignored/>
  </testcase> <!-- Testcase1 -->
</testsuite> <!-- Test -->
