<?xml version="1.0" encoding="UTF-8"?>
<!-- Generated by org.testng.reporters.JUnitXMLReporter -->
<testsuite hostname="DESKTOP-VTBT3RG" ignored="0" name="Test" tests="4" failures="0" timestamp="2023-02-18T12:29:39 IST" time="29.053" errors="0">
  <testcase name="FacebookLoginwithValidData" time="6.794" classname="Testcase.Facebooklogin"/>
  <testcase name="FacebookLoginwithValidData" time="6.935" classname="Testcase.Facebooklogin"/>
  <testcase name="FacebookLoginwithValidData" time="7.569" classname="Testcase.Facebooklogin"/>
  <testcase name="FacebookLoginwithValidData" time="6.788" classname="Testcase.Facebooklogin"/>
</testsuite> <!-- Test -->
