<?xml version="1.0" encoding="UTF-8"?>
<testsuite xmlns:xsi="http://www.w3.org/2001/XMLSchema-instance" xsi:noNamespaceSchemaLocation="https://maven.apache.org/surefire/maven-surefire-plugin/xsd/surefire-test-report-3.0.xsd" version="3.0" name="TestSuite" time="32.686" tests="4" errors="0" skipped="0" failures="0">
  <properties>
[...]
</properties>
  <testcase name="FacebookLoginwithValidData[kumar.sathish189@gmail.com, Admin@123](1)" classname="Testcase.Facebooklogin" time="6.794">
    <system-out><![CDATA[kumar.sathish189@gmail.com
Admin@123
kumar.sathish189@gmail.com
Admin@123
kumar.sathish189@gmail.com
Admin@123
kumar.sathish189@gmail.com
Admin@123
]]></system-out>
    <system-err><![CDATA[SLF4J: Failed to load class "org.slf4j.impl.StaticLoggerBinder".
SLF4J: Defaulting to no-operation (NOP) logger implementation
SLF4J: See http://www.slf4j.org/codes.html#StaticLoggerBinder for further details.
ERROR StatusLogger Log4j2 could not find a logging implementation. Please add log4j-core to the classpath. Using SimpleLogger to log to the console...
Starting ChromeDriver 109.0.5414.74 (e7c5703604daa9cc128ccf5a5d3e993513758913-refs/branch-heads/5414@{#1172}) on port 32046
Only local connections are allowed.
Please see https://chromedriver.chromium.org/security-considerations for suggestions on keeping ChromeDriver safe.
ChromeDriver was started successfully.
Feb 18, 2023 12:29:09 PM org.openqa.selenium.devtools.CdpVersionFinder findNearestMatch
WARNING: Unable to find an exact match for CDP version 109, so returning the closest version found: 108
]]></system-err>
  </testcase>
  <testcase name="FacebookLoginwithValidData[kumar.sathish189@gmail.com, Admin@123](2)" classname="Testcase.Facebooklogin" time="6.932"/>
  <testcase name="FacebookLoginwithValidData[kumar.sathish189@gmail.com, Admin@123](3)" classname="Testcase.Facebooklogin" time="7.57"/>
  <testcase name="FacebookLoginwithValidData[kumar.sathish189@gmail.com, Admin@123](4)" classname="Testcase.Facebooklogin" time="6.788"/>
</testsuite>