<?xml version="1.0" encoding="UTF-8"?>
<testng-results skipped="0" failed="0" ignored="3" total="5" passed="2">
  <reporter-output>
  </reporter-output>
  <suite name="Suite" duration-ms="48" started-at="2023-02-11T12:58:05 IST" finished-at="2023-02-11T12:58:05 IST">
    <groups>
      <group name="Sanity">
        <method signature="Fristclass.Testcase3()[pri:1, instance:TestNGConcepts.Fristclass@1d371b2d]" name="Testcase3" class="TestNGConcepts.Fristclass"/>
      </group> <!-- Sanity -->
      <group name="SIT">
        <method signature="Fristclass.Testcase2()[pri:-1, instance:TestNGConcepts.Fristclass@1d371b2d]" name="Testcase2" class="TestNGConcepts.Fristclass"/>
        <method signature="Fristclass.Testcase3()[pri:1, instance:TestNGConcepts.Fristclass@1d371b2d]" name="Testcase3" class="TestNGConcepts.Fristclass"/>
      </group> <!-- SIT -->
    </groups>
    <test name="Test" duration-ms="48" started-at="2023-02-11T12:58:05 IST" finished-at="2023-02-11T12:58:05 IST">
      <class name="TestNGConcepts.Fristclass">
        <test-method status="PASS" signature="Testcase2()[pri:-1, instance:TestNGConcepts.Fristclass@1d371b2d]" name="Testcase2" duration-ms="7" started-at="2023-02-11T12:58:05 IST" finished-at="2023-02-11T12:58:05 IST">
          <reporter-output>
          </reporter-output>
        </test-method> <!-- Testcase2 -->
        <test-method status="PASS" signature="Testcase3()[pri:1, instance:TestNGConcepts.Fristclass@1d371b2d]" name="Testcase3" duration-ms="4" started-at="2023-02-11T12:58:05 IST" description="sampledata" finished-at="2023-02-11T12:58:05 IST">
          <reporter-output>
          </reporter-output>
        </test-method> <!-- Testcase3 -->
      </class> <!-- TestNGConcepts.Fristclass -->
    </test> <!-- Test -->
  </suite> <!-- Suite -->
</testng-results>
