<?xml version="1.0" encoding="UTF-8"?>
<testng-results skipped="0" failed="0" ignored="0" total="1" passed="1">
  <reporter-output>
  </reporter-output>
  <suite name="Suite" duration-ms="8801" started-at="2023-02-12T13:12:30 IST" finished-at="2023-02-12T13:12:38 IST">
    <groups>
    </groups>
    <test name="Test" duration-ms="8801" started-at="2023-02-12T13:12:30 IST" finished-at="2023-02-12T13:12:38 IST">
      <class name="Testcase.Facebooklogin">
        <test-method status="PASS" signature="Launch()[pri:0, instance:Testcase.Facebooklogin@782663d3]" name="Launch" is-config="true" duration-ms="2362" started-at="2023-02-12T13:12:27 IST" finished-at="2023-02-12T13:12:30 IST">
          <reporter-output>
          </reporter-output>
        </test-method> <!-- Launch -->
        <test-method status="PASS" signature="EntertheURL()[pri:0, instance:Testcase.Facebooklogin@782663d3]" name="EntertheURL" is-config="true" duration-ms="708" started-at="2023-02-12T13:12:30 IST" finished-at="2023-02-12T13:12:30 IST">
          <reporter-output>
          </reporter-output>
        </test-method> <!-- EntertheURL -->
        <test-method status="PASS" signature="FacebookLoginwithValidData()[pri:0, instance:Testcase.Facebooklogin@782663d3]" name="FacebookLoginwithValidData" duration-ms="8065" started-at="2023-02-12T13:12:30 IST" finished-at="2023-02-12T13:12:38 IST">
          <reporter-output>
          </reporter-output>
        </test-method> <!-- FacebookLoginwithValidData -->
        <test-method status="PASS" signature="teardown()[pri:0, instance:Testcase.Facebooklogin@782663d3]" name="teardown" is-config="true" duration-ms="767" started-at="2023-02-12T13:12:38 IST" finished-at="2023-02-12T13:12:39 IST">
          <reporter-output>
          </reporter-output>
        </test-method> <!-- teardown -->
      </class> <!-- Testcase.Facebooklogin -->
    </test> <!-- Test -->
  </suite> <!-- Suite -->
</testng-results>
